{"level":"debug","datetime":"2024-02-05T06:17:24.779Z","message":"HSM raw data","data":[{"stat":"Ok","type":"cn","msg":"successful","stCode":200}],"functionName":"conversion"}
{"level":"debug","datetime":"2024-02-05T06:17:25.198Z","message":"HSM raw data","data":[{"stat":"Ok","type":"sub","msg":"successful","stCode":200}],"functionName":"conversion"}
{"level":"debug","datetime":"2024-02-05T06:17:25.199Z","message":"HSM raw data","data":[{"stat":"Ok","type":"cp","msg":"successful","stCode":200}],"functionName":"conversion"}
{"level":"debug","datetime":"2024-02-05T06:17:25.200Z","message":"HSM raw data","data":[{"stat":"Ok","type":"cr","msg":"successful","stCode":200}],"functionName":"conversion"}
{"level":"debug","datetime":"2024-02-05T06:17:25.299Z","message":"HSM raw data","data":[{"ltp":4003.8,"v":759284,"ltt":1707113841,"fdtm":1707113844,"bq":202,"bs":127,"bp":4003.8,"sp":4004.1,"ltq":25,"tbq":91773,"tsq":212400,"ap":3997.32,"lo":3977.1,"h":4015.25,"yh":4015.25,"yl":3070.25,"lcl":3569.7,"ucl":4362.9,"op":3983,"c":3966.3,"cng":37.5,"nc":0.95,"to":303510111888,"ts":"TCS-EQ","name":"sf","tk":"11536","e":"nse_cm"}],"functionName":"conversion"}
{"level":"debug","datetime":"2024-02-05T06:17:25.391Z","message":"HSM raw data","data":[{"v":759343,"ltt":1707113844,"bq":147,"ltq":34,"tbq":91710,"tsq":212373,"to":303533696076,"name":"sf","tk":"11536","e":"nse_cm"}],"functionName":"conversion"}
{"level":"debug","datetime":"2024-02-05T06:17:25.599Z","message":"HSM raw data","data":[{"fdtm":1707113845,"name":"sf","tk":"11536","e":"nse_cm"}],"functionName":"conversion"}
{"level":"debug","datetime":"2024-02-05T06:17:26.395Z","message":"HSM raw data","data":[{"v":759347,"ltt":1707113845,"bq":143,"ltq":4,"tbq":91709,"tsq":212368,"to":303535295004,"name":"sf","tk":"11536","e":"nse_cm"}],"functionName":"conversion"}
{"level":"debug","datetime":"2024-02-05T06:17:26.595Z","message":"HSM raw data","data":[{"fdtm":1707113846,"name":"sf","tk":"11536","e":"nse_cm"}],"functionName":"conversion"}
{"level":"debug","datetime":"2024-02-05T06:17:27.396Z","message":"HSM raw data","data":[{"v":759393,"ltt":1707113846,"bq":106,"bs":118,"ltq":37,"tbq":91677,"tsq":211835,"to":303553682676,"name":"sf","tk":"11536","e":"nse_cm"}],"functionName":"conversion"}
{"level":"debug","datetime":"2024-02-05T06:17:27.593Z","message":"HSM raw data","data":[{"fdtm":1707113847,"name":"sf","tk":"11536","e":"nse_cm"}],"functionName":"conversion"}
{"level":"debug","datetime":"2024-02-05T06:17:28.402Z","message":"HSM raw data","data":[{"bq":107,"tbq":91676,"tsq":212365,"name":"sf","tk":"11536","e":"nse_cm"}],"functionName":"conversion"}
{"level":"debug","datetime":"2024-02-05T06:17:29.706Z","message":"HSM raw data","data":[{"fdtm":1707113848,"bq":142,"bs":119,"tbq":91690,"tsq":212412,"name":"sf","tk":"11536","e":"nse_cm"}],"functionName":"conversion"}
{"level":"debug","datetime":"2024-02-05T06:17:30.470Z","message":"HSM raw data","data":[{"fdtm":1707113849,"ltq":5,"name":"sf","tk":"11536","e":"nse_cm"}],"functionName":"conversion"}
{"level":"debug","datetime":"2024-02-05T06:17:30.474Z","message":"HSM raw data","data":[{"v":759403,"ltt":1707113849,"bq":133,"tbq":91024,"tsq":212372,"to":303557679996,"name":"sf","tk":"11536","e":"nse_cm"}],"functionName":"conversion"}
{"level":"debug","datetime":"2024-02-05T06:17:30.897Z","message":"HSM raw data","data":[{"fdtm":1707113850,"ltq":45,"name":"sf","tk":"11536","e":"nse_cm"}],"functionName":"conversion"}
{"level":"debug","datetime":"2024-02-05T06:17:32.340Z","message":"HSM raw data","data":[{"ltp":4004.1,"v":759496,"ltt":1707113850,"bq":80,"bs":79,"ltq":40,"tbq":91007,"tsq":212332,"cng":37.8,"nc":0.95,"to":303594855072,"name":"sf","tk":"11536","e":"nse_cm"}],"functionName":"conversion"}
{"level":"debug","datetime":"2024-02-05T06:17:32.458Z","message":"HSM raw data","data":[{"ltp":4003.85,"fdtm":1707113851,"ltq":1,"cng":37.55,"nc":0.95,"name":"sf","tk":"11536","e":"nse_cm"}],"functionName":"conversion"}
{"level":"debug","datetime":"2024-02-05T06:17:32.462Z","message":"HSM raw data","data":[{"ltp":4003.8,"v":759521,"ltt":1707113851,"bq":82,"ltq":5,"tbq":90903,"tsq":212430,"cng":37.5,"nc":0.95,"to":303604848372,"name":"sf","tk":"11536","e":"nse_cm"}],"functionName":"conversion"}
{"level":"debug","datetime":"2024-02-05T06:17:32.607Z","message":"HSM raw data","data":[{"fdtm":1707113852,"name":"sf","tk":"11536","e":"nse_cm"}],"functionName":"conversion"}
{"level":"debug","datetime":"2024-02-05T06:17:33.619Z","message":"HSM raw data","data":[{"v":759536,"ltt":1707113853,"fdtm":1707113853,"bq":71,"ltq":8,"tbq":90882,"tsq":212431,"to":303610844352,"name":"sf","tk":"11536","e":"nse_cm"}],"functionName":"conversion"}
{"level":"debug","datetime":"2024-02-05T06:17:34.980Z","message":"HSM raw data","data":[{"ltp":4004.1,"v":759539,"bq":75,"bs":78,"ltq":2,"tbq":90902,"tsq":212430,"cng":37.8,"nc":0.95,"to":303612043548,"name":"sf","tk":"11536","e":"nse_cm"}],"functionName":"conversion"}
{"level":"debug","datetime":"2024-02-05T06:17:34.984Z","message":"HSM raw data","data":[{"fdtm":1707113854,"name":"sf","tk":"11536","e":"nse_cm"}],"functionName":"conversion"}
{"level":"debug","datetime":"2024-02-05T06:17:35.423Z","message":"HSM raw data","data":[{"tbq":91620,"tsq":212405,"name":"sf","tk":"11536","e":"nse_cm"}],"functionName":"conversion"}
{"level":"debug","datetime":"2024-02-05T06:17:36.408Z","message":"HSM raw data","data":[{"fdtm":1707113855,"tbq":91511,"tsq":212441,"name":"sf","tk":"11536","e":"nse_cm"}],"functionName":"conversion"}
{"level":"debug","datetime":"2024-02-05T06:17:39.891Z","message":"HSM raw data","data":[{"fdtm":1707113856,"tbq":91505,"tsq":212465,"name":"sf","tk":"11536","e":"nse_cm"}],"functionName":"conversion"}
{"level":"debug","datetime":"2024-02-05T06:17:39.996Z","message":"HSM raw data","data":[{"fdtm":1707113857,"tbq":91511,"name":"sf","tk":"11536","e":"nse_cm"}],"functionName":"conversion"}
{"level":"debug","datetime":"2024-02-05T06:17:39.999Z","message":"HSM raw data","data":[{"fdtm":1707113858,"bq":195,"tbq":91650,"tsq":212462,"name":"sf","tk":"11536","e":"nse_cm"}],"functionName":"conversion"}
{"level":"debug","datetime":"2024-02-05T06:17:40.124Z","message":"HSM raw data","data":[{"ltp":4003.8,"fdtm":1707113859,"ltq":9,"cng":37.5,"nc":0.95,"name":"sf","tk":"11536","e":"nse_cm"}],"functionName":"conversion"}
{"level":"debug","datetime":"2024-02-05T06:17:40.417Z","message":"HSM raw data","data":[{"v":759572,"ltt":1707113859,"bq":177,"tbq":91613,"tsq":212555,"to":303625234704,"name":"sf","tk":"11536","e":"nse_cm"}],"functionName":"conversion"}
{"level":"debug","datetime":"2024-02-05T06:17:42.039Z","message":"HSM raw data","data":[{"fdtm":1707113861,"ltq":5,"name":"sf","tk":"11536","e":"nse_cm"}],"functionName":"conversion"}
{"level":"debug","datetime":"2024-02-05T06:17:42.035Z","message":"HSM raw data","data":[{"fdtm":1707113860,"bq":178,"tbq":90775,"tsq":212458,"name":"sf","tk":"11536","e":"nse_cm"}],"functionName":"conversion"}
{"level":"debug","datetime":"2024-02-05T06:17:42.625Z","message":"HSM raw data","data":[{"v":759593,"ltt":1707113861,"fdtm":1707113862,"bq":157,"ltq":15,"tbq":90599,"tsq":212528,"to":303633629076,"name":"sf","tk":"11536","e":"nse_cm"}],"functionName":"conversion"}
{"level":"debug","datetime":"2024-02-05T06:17:43.934Z","message":"HSM raw data","data":[{"fdtm":1707113863,"tbq":91569,"tsq":212554,"name":"sf","tk":"11536","e":"nse_cm"}],"functionName":"conversion"}
{"level":"debug","datetime":"2024-02-05T06:17:44.729Z","message":"HSM raw data","data":[{"ltp":4004.1,"ltq":6,"cng":37.8,"nc":0.95,"name":"sf","tk":"11536","e":"nse_cm"}],"functionName":"conversion"}
{"level":"debug","datetime":"2024-02-05T06:17:44.732Z","message":"HSM raw data","data":[{"ltp":4003.8,"v":759636,"ltt":1707113864,"fdtm":1707113864,"bq":120,"bs":72,"ltq":14,"tbq":90583,"tsq":213012,"cng":37.5,"nc":0.95,"to":303650817552,"name":"sf","tk":"11536","e":"nse_cm"}],"functionName":"conversion"}
{"level":"debug","datetime":"2024-02-05T06:17:46.488Z","message":"HSM raw data","data":[{"fdtm":1707113865,"bq":182,"tbq":91504,"tsq":212989,"name":"sf","tk":"11536","e":"nse_cm"}],"functionName":"conversion"}
{"level":"debug","datetime":"2024-02-05T06:17:46.493Z","message":"HSM raw data","data":[{"ltp":4004.1,"ltq":10,"cng":37.8,"nc":0.95,"name":"sf","tk":"11536","e":"nse_cm"}],"functionName":"conversion"}
{"level":"debug","datetime":"2024-02-05T06:17:46.633Z","message":"HSM raw data","data":[{"v":759648,"ltt":1707113865,"fdtm":1707113866,"bq":186,"bs":62,"tbq":91503,"tsq":212970,"to":303655614336,"name":"sf","tk":"11536","e":"nse_cm"}],"functionName":"conversion"}
{"level":"debug","datetime":"2024-02-05T06:17:47.416Z","message":"HSM raw data","data":[{"ltp":4003.8,"ltq":1,"cng":37.5,"nc":0.95,"name":"sf","tk":"11536","e":"nse_cm"}],"functionName":"conversion"}
{"level":"debug","datetime":"2024-02-05T06:17:47.934Z","message":"HSM raw data","data":[{"v":759649,"ltt":1707113866,"fdtm":1707113867,"bq":191,"tbq":91548,"tsq":212952,"to":303656014068,"name":"sf","tk":"11536","e":"nse_cm"}],"functionName":"conversion"}
{"level":"debug","datetime":"2024-02-05T06:17:48.817Z","message":"HSM raw data","data":[{"fdtm":1707113868,"bq":90,"bs":67,"tbq":91489,"tsq":212967,"name":"sf","tk":"11536","e":"nse_cm"}],"functionName":"conversion"}
{"level":"debug","datetime":"2024-02-05T06:17:48.924Z","message":"HSM raw data","data":[{"ltq":3,"name":"sf","tk":"11536","e":"nse_cm"}],"functionName":"conversion"}
{"level":"debug","datetime":"2024-02-05T06:17:49.937Z","message":"HSM raw data","data":[{"v":759671,"ltt":1707113868,"fdtm":1707113869,"bq":91,"bs":14,"sp":4004.05,"tbq":91485,"tsq":212705,"to":303664808172,"name":"sf","tk":"11536","e":"nse_cm"}],"functionName":"conversion"}
{"level":"debug","datetime":"2024-02-05T06:17:50.631Z","message":"HSM raw data","data":[{"ltp":4004.05,"v":759800,"ltt":1707113869,"fdtm":1707113870,"bq":44,"bs":2,"ltq":11,"tbq":91549,"tsq":213114,"ap":3997.33,"cng":37.75,"nc":0.95,"to":303717133400,"name":"sf","tk":"11536","e":"nse_cm"}],"functionName":"conversion"}
{"level":"debug","datetime":"2024-02-05T06:17:51.633Z","message":"HSM raw data","data":[{"ltp":4004.3,"fdtm":1707113871,"ltq":1,"cng":38,"nc":0.96,"name":"sf","tk":"11536","e":"nse_cm"}],"functionName":"conversion"}
{"level":"debug","datetime":"2024-02-05T06:17:51.837Z","message":"HSM raw data","data":[{"v":759817,"ltt":1707113870,"bq":11,"bs":17,"bp":4004.05,"sp":4004.3,"tbq":91466,"tsq":212996,"to":303723928861,"name":"sf","tk":"11536","e":"nse_cm"}],"functionName":"conversion"}
{"level":"debug","datetime":"2024-02-05T06:17:52.632Z","message":"HSM raw data","data":[{"fdtm":1707113872,"ltq":10,"name":"sf","tk":"11536","e":"nse_cm"}],"functionName":"conversion"}
{"level":"debug","datetime":"2024-02-05T06:17:54.104Z","message":"HSM raw data","data":[{"v":759827,"ltt":1707113871,"bs":7,"tbq":91456,"tsq":212986,"to":303727926191,"name":"sf","tk":"11536","e":"nse_cm"}],"functionName":"conversion"}
{"level":"debug","datetime":"2024-02-05T06:17:54.898Z","message":"HSM raw data","data":[{"fdtm":1707113873,"bq":29,"tbq":91514,"tsq":213030,"name":"sf","tk":"11536","e":"nse_cm"}],"functionName":"conversion"}
{"level":"debug","datetime":"2024-02-05T06:17:54.902Z","message":"HSM raw data","data":[{"ltp":4004.05,"fdtm":1707113874,"ltq":7,"cng":37.75,"nc":0.95,"name":"sf","tk":"11536","e":"nse_cm"}],"functionName":"conversion"}
{"level":"debug","datetime":"2024-02-05T06:17:54.906Z","message":"HSM raw data","data":[{"v":759834,"ltt":1707113873,"bq":22,"tbq":91542,"tsq":213023,"to":303730724322,"name":"sf","tk":"11536","e":"nse_cm"}],"functionName":"conversion"}
{"level":"debug","datetime":"2024-02-05T06:17:55.441Z","message":"HSM raw data","data":[{"v":759859,"ltt":1707113874,"bq":15,"bs":8,"bp":4003.85,"sp":4004.05,"ltq":2,"tbq":91538,"tsq":213102,"to":303740717647,"name":"sf","tk":"11536","e":"nse_cm"}],"functionName":"conversion"}
{"level":"debug","datetime":"2024-02-05T06:17:55.636Z","message":"HSM raw data","data":[{"fdtm":1707113875,"name":"sf","tk":"11536","e":"nse_cm"}],"functionName":"conversion"}
{"level":"debug","datetime":"2024-02-05T06:17:56.433Z","message":"HSM raw data","data":[{"bq":17,"tbq":91470,"tsq":213107,"name":"sf","tk":"11536","e":"nse_cm"}],"functionName":"conversion"}
{"level":"debug","datetime":"2024-02-05T06:17:57.435Z","message":"HSM raw data","data":[{"fdtm":1707113876,"bq":67,"bs":10,"tbq":91559,"tsq":213141,"name":"sf","tk":"11536","e":"nse_cm"}],"functionName":"conversion"}
{"level":"debug","datetime":"2024-02-05T06:17:58.130Z","message":"HSM raw data","data":[{"ltp":4003.85,"fdtm":1707113877,"ltq":8,"cng":37.55,"nc":0.95,"name":"sf","tk":"11536","e":"nse_cm"}],"functionName":"conversion"}
{"level":"debug","datetime":"2024-02-05T06:17:59.230Z","message":"HSM raw data","data":[{"ltp":4004.05,"fdtm":1707113878,"ltq":1,"cng":37.75,"nc":0.95,"name":"sf","tk":"11536","e":"nse_cm"}],"functionName":"conversion"}
{"level":"debug","datetime":"2024-02-05T06:17:59.234Z","message":"HSM raw data","data":[{"v":759868,"ltt":1707113877,"bq":65,"bs":1,"tbq":91523,"tsq":213160,"to":303744315244,"name":"sf","tk":"11536","e":"nse_cm"}],"functionName":"conversion"}
{"level":"debug","datetime":"2024-02-05T06:17:59.433Z","message":"HSM raw data","data":[{"v":759869,"ltt":1707113878,"bs":2,"tbq":91509,"to":303744714977,"name":"sf","tk":"11536","e":"nse_cm"}],"functionName":"conversion"}
{"level":"debug","datetime":"2024-02-05T06:18:00.264Z","message":"HSM raw data","data":[{"fdtm":1707113879,"name":"sf","tk":"11536","e":"nse_cm"}],"functionName":"conversion"}
{"level":"debug","datetime":"2024-02-05T06:18:00.445Z","message":"HSM raw data","data":[{"v":759886,"ltt":1707113879,"bq":2,"bs":7,"bp":4004.05,"sp":4004.3,"ltq":17,"tbq":91520,"tsq":212540,"to":303751510438,"name":"sf","tk":"11536","e":"nse_cm"}],"functionName":"conversion"}
{"level":"debug","datetime":"2024-02-05T06:18:01.275Z","message":"HSM raw data","data":[{"fdtm":1707113880,"name":"sf","tk":"11536","e":"nse_cm"}],"functionName":"conversion"}
{"level":"debug","datetime":"2024-02-05T06:18:01.945Z","message":"HSM raw data","data":[{"ltp":4003.85,"v":759893,"ltt":1707113880,"bq":3,"ltq":7,"tbq":91523,"tsq":213145,"cng":37.55,"nc":0.95,"to":303754308569,"name":"sf","tk":"11536","e":"nse_cm"}],"functionName":"conversion"}
{"level":"debug","datetime":"2024-02-05T06:18:01.947Z","message":"HSM raw data","data":[{"fdtm":1707113881,"name":"sf","tk":"11536","e":"nse_cm"}],"functionName":"conversion"}
{"level":"debug","datetime":"2024-02-05T06:18:02.450Z","message":"HSM raw data","data":[{"bq":4,"tbq":91502,"tsq":213398,"name":"sf","tk":"11536","e":"nse_cm"}],"functionName":"conversion"}
{"level":"debug","datetime":"2024-02-05T06:18:03.436Z","message":"HSM raw data","data":[{"fdtm":1707113882,"tbq":91463,"tsq":213456,"name":"sf","tk":"11536","e":"nse_cm"}],"functionName":"conversion"}
{"level":"debug","datetime":"2024-02-05T06:18:03.640Z","message":"HSM raw data","data":[{"ltp":4004.5,"fdtm":1707113883,"ltq":5,"cng":38.2,"nc":0.96,"name":"sf","tk":"11536","e":"nse_cm"}],"functionName":"conversion"}
{"level":"debug","datetime":"2024-02-05T06:18:04.708Z","message":"HSM raw data","data":[{"ltp":4004.05,"v":759906,"ltt":1707113883,"bq":3,"bs":34,"sp":4004.45,"ltq":1,"tbq":91449,"tsq":213487,"cng":37.75,"nc":0.95,"to":303759505098,"name":"sf","tk":"11536","e":"nse_cm"}],"functionName":"conversion"}
{"level":"debug","datetime":"2024-02-05T06:18:04.713Z","message":"HSM raw data","data":[{"fdtm":1707113884,"name":"sf","tk":"11536","e":"nse_cm"}],"functionName":"conversion"}
{"level":"debug","datetime":"2024-02-05T06:18:06.080Z","message":"HSM raw data","data":[{"v":759910,"ltt":1707113884,"bq":49,"bs":12,"bp":4003.85,"sp":4004.3,"tbq":91461,"tsq":213509,"to":303761104030,"name":"sf","tk":"11536","e":"nse_cm"}],"functionName":"conversion"}
{"level":"debug","datetime":"2024-02-05T06:18:06.084Z","message":"HSM raw data","data":[{"fdtm":1707113885,"name":"sf","tk":"11536","e":"nse_cm"}],"functionName":"conversion"}
{"level":"debug","datetime":"2024-02-05T06:18:07.672Z","message":"HSM raw data","data":[{"ltp":4003.85,"v":759938,"ltt":1707113885,"bq":34,"ltq":28,"tbq":91430,"tsq":213545,"cng":37.55,"nc":0.95,"to":303772296554,"name":"sf","tk":"11536","e":"nse_cm"}],"functionName":"conversion"}
{"level":"debug","datetime":"2024-02-05T06:18:07.676Z","message":"HSM raw data","data":[{"fdtm":1707113886,"name":"sf","tk":"11536","e":"nse_cm"}],"functionName":"conversion"}
{"level":"debug","datetime":"2024-02-05T06:18:07.746Z","message":"HSM raw data","data":[{"fdtm":1707113887,"ltq":5,"name":"sf","tk":"11536","e":"nse_cm"}],"functionName":"conversion"}
{"level":"debug","datetime":"2024-02-05T06:18:08.242Z","message":"HSM raw data","data":[{"ltp":4004.05,"v":759944,"ltt":1707113887,"bq":29,"bs":9,"sp":4004.05,"ltq":1,"tbq":91440,"tsq":213652,"cng":37.75,"nc":0.95,"to":303774694952,"name":"sf","tk":"11536","e":"nse_cm"}],"functionName":"conversion"}
{"level":"debug","datetime":"2024-02-05T06:18:08.639Z","message":"HSM raw data","data":[{"fdtm":1707113888,"name":"sf","tk":"11536","e":"nse_cm"}],"functionName":"conversion"}
{"level":"debug","datetime":"2024-02-05T06:18:10.145Z","message":"HSM raw data","data":[{"ltp":4003.85,"fdtm":1707113889,"ltq":3,"cng":37.55,"nc":0.95,"name":"sf","tk":"11536","e":"nse_cm"}],"functionName":"conversion"}
{"level":"debug","datetime":"2024-02-05T06:18:10.946Z","message":"HSM raw data","data":[{"ltp":4003.8,"fdtm":1707113890,"ltq":4,"cng":37.5,"nc":0.95,"name":"sf","tk":"11536","e":"nse_cm"}],"functionName":"conversion"}
{"level":"debug","datetime":"2024-02-05T06:18:11.970Z","message":"HSM raw data","data":[{"ltp":4003.7,"fdtm":1707113891,"ltq":5,"cng":37.4,"nc":0.94,"name":"sf","tk":"11536","e":"nse_cm"}],"functionName":"conversion"}
{"level":"debug","datetime":"2024-02-05T06:18:13.448Z","message":"HSM raw data","data":[{"ltp":4003.85,"fdtm":1707113892,"ltq":2,"cng":37.55,"nc":0.95,"name":"sf","tk":"11536","e":"nse_cm"}],"functionName":"conversion"}
{"level":"debug","datetime":"2024-02-05T06:18:13.851Z","message":"HSM raw data","data":[{"v":760024,"ltt":1707113892,"fdtm":1707113893,"bs":1,"sp":4003.9,"tbq":87638,"tsq":213883,"to":303806673592,"name":"sf","tk":"11536","e":"nse_cm"}],"functionName":"conversion"}
{"level":"debug","datetime":"2024-02-05T06:18:14.149Z","message":"HSM raw data","data":[{"ltp":4003.9,"ltq":1,"cng":37.6,"nc":0.95,"name":"sf","tk":"11536","e":"nse_cm"}],"functionName":"conversion"}
{"level":"debug","datetime":"2024-02-05T06:18:14.952Z","message":"HSM raw data","data":[{"ltp":4003.95,"fdtm":1707113894,"ltq":3,"cng":37.65,"nc":0.95,"name":"sf","tk":"11536","e":"nse_cm"}],"functionName":"conversion"}
{"level":"debug","datetime":"2024-02-05T06:18:15.977Z","message":"HSM raw data","data":[{"fdtm":1707113895,"ltq":5,"name":"sf","tk":"11536","e":"nse_cm"}],"functionName":"conversion"}
{"level":"debug","datetime":"2024-02-05T06:18:16.958Z","message":"HSM raw data","data":[{"fdtm":1707113896,"ltq":1,"name":"sf","tk":"11536","e":"nse_cm"}],"functionName":"conversion"}
{"level":"debug","datetime":"2024-02-05T06:18:17.856Z","message":"HSM raw data","data":[{"ltp":4003.85,"fdtm":1707113897,"ltq":25,"cng":37.55,"nc":0.95,"name":"sf","tk":"11536","e":"nse_cm"}],"functionName":"conversion"}
{"level":"debug","datetime":"2024-02-05T06:18:19.261Z","message":"HSM raw data","data":[{"v":760060,"ltt":1707113897,"fdtm":1707113898,"bq":62,"bs":16,"sp":4003.95,"tbq":87006,"tsq":213844,"to":303821063980,"name":"sf","tk":"11536","e":"nse_cm"}],"functionName":"conversion"}
{"level":"debug","datetime":"2024-02-05T06:18:21.999Z","message":"HSM raw data","data":[{"ltp":4003.95,"ltq":2,"cng":37.65,"nc":0.95,"name":"sf","tk":"11536","e":"nse_cm"}],"functionName":"conversion"}
{"level":"debug","datetime":"2024-02-05T06:18:22.105Z","message":"HSM raw data","data":[{"ltp":4003.85,"fdtm":1707113900,"ltq":1,"cng":37.55,"nc":0.95,"name":"sf","tk":"11536","e":"nse_cm"}],"functionName":"conversion"}
{"level":"debug","datetime":"2024-02-05T06:18:22.108Z","message":"HSM raw data","data":[{"fdtm":1707113901,"ltq":13,"name":"sf","tk":"11536","e":"nse_cm"}],"functionName":"conversion"}
{"level":"debug","datetime":"2024-02-05T06:18:22.670Z","message":"HSM raw data","data":[{"fdtm":1707113902,"ltq":35,"name":"sf","tk":"11536","e":"nse_cm"}],"functionName":"conversion"}
{"level":"debug","datetime":"2024-02-05T06:18:25.909Z","message":"HSM raw data","data":[{"ltp":4003.45,"v":760271,"ltt":1707113904,"bq":56,"bs":42,"bp":4003,"sp":4003.45,"ltq":18,"tbq":85489,"tsq":212286,"cng":37.15,"nc":0.94,"to":303905407643,"name":"sf","tk":"11536","e":"nse_cm"}],"functionName":"conversion"}
{"level":"debug","datetime":"2024-02-05T06:18:25.905Z","message":"HSM raw data","data":[{"ltp":4003.7,"fdtm":1707113904,"ltq":63,"cng":37.4,"nc":0.94,"name":"sf","tk":"11536","e":"nse_cm"}],"functionName":"conversion"}
{"level":"debug","datetime":"2024-02-05T06:18:25.911Z","message":"HSM raw data","data":[{"fdtm":1707113905,"ltq":1,"name":"sf","tk":"11536","e":"nse_cm"}],"functionName":"conversion"}
{"level":"debug","datetime":"2024-02-05T06:18:26.699Z","message":"HSM raw data","data":[{"fdtm":1707113906,"name":"sf","tk":"11536","e":"nse_cm"}],"functionName":"conversion"}
{"level":"debug","datetime":"2024-02-05T06:18:27.911Z","message":"HSM raw data","data":[{"fdtm":1707113907,"ltq":3,"name":"sf","tk":"11536","e":"nse_cm"}],"functionName":"conversion"}
{"level":"debug","datetime":"2024-02-05T06:18:28.664Z","message":"HSM raw data","data":[{"ltp":4003,"fdtm":1707113908,"ltq":17,"cng":36.7,"nc":0.93,"name":"sf","tk":"11536","e":"nse_cm"}],"functionName":"conversion"}
{"level":"debug","datetime":"2024-02-05T06:18:31.180Z","message":"HSM raw data","data":[{"ltp":4002.85,"fdtm":1707113910,"ltq":19,"cng":36.55,"nc":0.92,"name":"sf","tk":"11536","e":"nse_cm"}],"functionName":"conversion"}
{"level":"debug","datetime":"2024-02-05T06:18:31.463Z","message":"HSM raw data","data":[{"ltp":4003,"v":760603,"ltt":1707113910,"bq":4,"bs":31,"sp":4003.05,"ltq":1,"tbq":85779,"tsq":212144,"cng":36.7,"nc":0.93,"to":304038118999,"name":"sf","tk":"11536","e":"nse_cm"}],"functionName":"conversion"}
{"level":"debug","datetime":"2024-02-05T06:18:31.664Z","message":"HSM raw data","data":[{"fdtm":1707113911,"name":"sf","tk":"11536","e":"nse_cm"}],"functionName":"conversion"}
{"level":"debug","datetime":"2024-02-05T06:18:34.208Z","message":"HSM raw data","data":[{"fdtm":1707113913,"ltq":3,"name":"sf","tk":"11536","e":"nse_cm"}],"functionName":"conversion"}
{"level":"debug","datetime":"2024-02-05T06:18:34.669Z","message":"HSM raw data","data":[{"ltp":4002.85,"fdtm":1707113914,"ltq":12,"cng":36.55,"nc":0.92,"name":"sf","tk":"11536","e":"nse_cm"}],"functionName":"conversion"}
{"level":"debug","datetime":"2024-02-05T06:18:36.977Z","message":"HSM raw data","data":[{"ltp":4002.95,"fdtm":1707113915,"ltq":4,"cng":36.65,"nc":0.92,"name":"sf","tk":"11536","e":"nse_cm"}],"functionName":"conversion"}
{"level":"debug","datetime":"2024-02-05T06:18:37.467Z","message":"HSM raw data","data":[{"v":760658,"ltt":1707113914,"fdtm":1707113916,"bq":6,"bs":1,"bp":4002.5,"sp":4003.35,"tbq":86940,"tsq":211442,"to":304060104314,"name":"sf","tk":"11536","e":"nse_cm"}],"functionName":"conversion"}
{"level":"debug","datetime":"2024-02-05T06:18:39.369Z","message":"HSM raw data","data":[{"ltp":4002.8,"fdtm":1707113918,"ltq":2,"cng":36.5,"nc":0.92,"name":"sf","tk":"11536","e":"nse_cm"}],"functionName":"conversion"}
{"level":"debug","datetime":"2024-02-05T06:18:40.202Z","message":"HSM raw data","data":[{"ltp":4002.5,"fdtm":1707113919,"ltq":8,"cng":36.2,"nc":0.91,"name":"sf","tk":"11536","e":"nse_cm"}],"functionName":"conversion"}
{"level":"debug","datetime":"2024-02-05T06:18:41.003Z","message":"HSM raw data","data":[{"fdtm":1707113920,"ltq":5,"name":"sf","tk":"11536","e":"nse_cm"}],"functionName":"conversion"}
{"level":"debug","datetime":"2024-02-05T06:18:41.678Z","message":"HSM raw data","data":[{"ltp":4002.95,"fdtm":1707113921,"ltq":3,"cng":36.65,"nc":0.92,"name":"sf","tk":"11536","e":"nse_cm"}],"functionName":"conversion"}
{"level":"debug","datetime":"2024-02-05T06:18:44.002Z","message":"HSM raw data","data":[{"v":760706,"ltt":1707113920,"fdtm":1707113923,"bq":33,"bs":2,"sp":4002.95,"tbq":87236,"tsq":211587,"to":304079291498,"name":"sf","tk":"11536","e":"nse_cm"}],"functionName":"conversion"}
{"level":"debug","datetime":"2024-02-05T06:18:44.508Z","message":"HSM raw data","data":[{"ltp":4002.55,"ltq":4,"cng":36.25,"nc":0.91,"name":"sf","tk":"11536","e":"nse_cm"}],"functionName":"conversion"}
{"level":"debug","datetime":"2024-02-05T06:18:44.876Z","message":"HSM raw data","data":[{"ltp":4002.5,"fdtm":1707113924,"ltq":12,"cng":36.2,"nc":0.91,"name":"sf","tk":"11536","e":"nse_cm"}],"functionName":"conversion"}
{"level":"debug","datetime":"2024-02-05T06:18:45.784Z","message":"HSM raw data","data":[{"ltp":4002.7,"fdtm":1707113925,"ltq":1,"cng":36.4,"nc":0.92,"name":"sf","tk":"11536","e":"nse_cm"}],"functionName":"conversion"}
{"level":"debug","datetime":"2024-02-05T06:18:46.686Z","message":"HSM raw data","data":[{"fdtm":1707113926,"ltq":25,"name":"sf","tk":"11536","e":"nse_cm"}],"functionName":"conversion"}
{"level":"debug","datetime":"2024-02-05T06:18:47.691Z","message":"HSM raw data","data":[{"ltp":4002.95,"fdtm":1707113927,"ltq":1,"cng":36.65,"nc":0.92,"name":"sf","tk":"11536","e":"nse_cm"}],"functionName":"conversion"}
{"level":"debug","datetime":"2024-02-05T06:18:49.387Z","message":"HSM raw data","data":[{"ltp":4002.7,"fdtm":1707113928,"cng":36.4,"nc":0.92,"name":"sf","tk":"11536","e":"nse_cm"}],"functionName":"conversion"}
{"level":"debug","datetime":"2024-02-05T06:18:50.329Z","message":"HSM raw data","data":[{"v":760784,"ltt":1707113928,"fdtm":1707113929,"bq":35,"bs":3,"bp":4002.7,"tbq":86284,"tsq":211106,"to":304110470672,"name":"sf","tk":"11536","e":"nse_cm"}],"functionName":"conversion"}
{"level":"debug","datetime":"2024-02-05T06:18:52.195Z","message":"HSM raw data","data":[{"fdtm":1707113931,"ltq":11,"name":"sf","tk":"11536","e":"nse_cm"}],"functionName":"conversion"}
{"level":"debug","datetime":"2024-02-05T06:18:54.682Z","message":"HSM raw data","data":[{"fdtm":1707113934,"ltq":3,"name":"sf","tk":"11536","e":"nse_cm"}],"functionName":"conversion"}
{"level":"debug","datetime":"2024-02-05T06:18:55.696Z","message":"HSM raw data","data":[{"v":760841,"ltt":1707113934,"fdtm":1707113935,"bq":32,"ltq":14,"tbq":87220,"tsq":210935,"to":304133255453,"name":"sf","tk":"11536","e":"nse_cm"}],"functionName":"conversion"}
{"level":"debug","datetime":"2024-02-05T06:18:57.219Z","message":"HSM raw data","data":[{"ltp":4003,"fdtm":1707113936,"ltq":2,"cng":36.7,"nc":0.93,"name":"sf","tk":"11536","e":"nse_cm"}],"functionName":"conversion"}
{"level":"debug","datetime":"2024-02-05T06:18:57.704Z","message":"HSM raw data","data":[{"fdtm":1707113937,"ltq":1,"name":"sf","tk":"11536","e":"nse_cm"}],"functionName":"conversion"}
{"level":"debug","datetime":"2024-02-05T06:18:59.021Z","message":"HSM raw data","data":[{"ltp":4003.35,"fdtm":1707113938,"cng":37.05,"nc":0.93,"name":"sf","tk":"11536","e":"nse_cm"}],"functionName":"conversion"}
{"level":"debug","datetime":"2024-02-05T06:19:00.526Z","message":"HSM raw data","data":[{"fdtm":1707113939,"ltq":5,"name":"sf","tk":"11536","e":"nse_cm"}],"functionName":"conversion"}
{"level":"debug","datetime":"2024-02-05T06:19:01.198Z","message":"HSM raw data","data":[{"ltp":4003.85,"fdtm":1707113940,"ltq":14,"cng":37.55,"nc":0.95,"name":"sf","tk":"11536","e":"nse_cm"}],"functionName":"conversion"}
{"level":"debug","datetime":"2024-02-05T06:19:02.085Z","message":"HSM raw data","data":[{"ltp":4004,"v":760994,"ltt":1707113940,"bq":555,"bs":36,"bp":4004,"sp":4004.05,"ltq":27,"tbq":87573,"tsq":211228,"ap":3997.34,"cng":37.7,"nc":0.95,"to":304195175596,"name":"sf","tk":"11536","e":"nse_cm"}],"functionName":"conversion"}
{"level":"debug","datetime":"2024-02-05T06:19:02.088Z","message":"HSM raw data","data":[{"ltp":4004.05,"fdtm":1707113941,"ltq":3,"cng":37.75,"nc":0.95,"name":"sf","tk":"11536","e":"nse_cm"}],"functionName":"conversion"}
{"level":"debug","datetime":"2024-02-05T06:19:03.128Z","message":"HSM raw data","data":[{"ltp":4004,"fdtm":1707113942,"ltq":4,"cng":37.7,"nc":0.95,"name":"sf","tk":"11536","e":"nse_cm"}],"functionName":"conversion"}
{"level":"debug","datetime":"2024-02-05T06:19:03.706Z","message":"HSM raw data","data":[{"fdtm":1707113943,"name":"sf","tk":"11536","e":"nse_cm"}],"functionName":"conversion"}
{"level":"debug","datetime":"2024-02-05T06:19:05.715Z","message":"HSM raw data","data":[{"fdtm":1707113944,"ltq":50,"name":"sf","tk":"11536","e":"nse_cm"}],"functionName":"conversion"}
{"level":"debug","datetime":"2024-02-05T06:19:08.208Z","message":"HSM raw data","data":[{"ltp":4004.05,"fdtm":1707113946,"ltq":9,"cng":37.75,"nc":0.95,"name":"sf","tk":"11536","e":"nse_cm"}],"functionName":"conversion"}
{"level":"debug","datetime":"2024-02-05T06:19:08.211Z","message":"HSM raw data","data":[{"v":761127,"ltt":1707113946,"bq":663,"bs":2,"tbq":87822,"tsq":208056,"to":304248340218,"name":"sf","tk":"11536","e":"nse_cm"}],"functionName":"conversion"}
{"level":"debug","datetime":"2024-02-05T06:19:08.679Z","message":"HSM raw data","data":[{"fdtm":1707113947,"ltq":19,"name":"sf","tk":"11536","e":"nse_cm"}],"functionName":"conversion"}
{"level":"debug","datetime":"2024-02-05T06:19:08.683Z","message":"HSM raw data","data":[{"v":761156,"bq":662,"bs":1,"sp":4004.3,"tbq":88075,"tsq":209530,"to":304259932504,"name":"sf","tk":"11536","e":"nse_cm"}],"functionName":"conversion"}
{"level":"debug","datetime":"2024-02-05T06:19:09.223Z","message":"HSM raw data","data":[{"ltp":4004,"fdtm":1707113948,"ltq":2,"cng":37.7,"nc":0.95,"name":"sf","tk":"11536","e":"nse_cm"}],"functionName":"conversion"}
{"level":"debug","datetime":"2024-02-05T06:19:09.503Z","message":"HSM raw data","data":[{"v":761158,"ltt":1707113948,"bq":661,"tbq":87374,"tsq":209558,"to":304260731972,"name":"sf","tk":"11536","e":"nse_cm"}],"functionName":"conversion"}
{"level":"debug","datetime":"2024-02-05T06:19:10.198Z","message":"HSM raw data","data":[{"ltp":4004.05,"fdtm":1707113949,"ltq":1,"cng":37.75,"nc":0.95,"name":"sf","tk":"11536","e":"nse_cm"}],"functionName":"conversion"}
{"level":"debug","datetime":"2024-02-05T06:19:10.766Z","message":"HSM raw data","data":[{"ltp":4004,"v":761192,"ltt":1707113949,"bq":640,"ltq":21,"tbq":87271,"tsq":210319,"cng":37.7,"nc":0.95,"to":304274322928,"name":"sf","tk":"11536","e":"nse_cm"}],"functionName":"conversion"}
{"level":"debug","datetime":"2024-02-05T06:19:10.769Z","message":"HSM raw data","data":[{"fdtm":1707113950,"name":"sf","tk":"11536","e":"nse_cm"}],"functionName":"conversion"}
{"level":"debug","datetime":"2024-02-05T06:19:12.877Z","message":"HSM raw data","data":[{"ltq":150,"name":"sf","tk":"11536","e":"nse_cm"}],"functionName":"conversion"}
{"level":"debug","datetime":"2024-02-05T06:19:12.874Z","message":"HSM raw data","data":[{"fdtm":1707113951,"bq":646,"bs":2,"tbq":87227,"tsq":210126,"name":"sf","tk":"11536","e":"nse_cm"}],"functionName":"conversion"}
{"level":"debug","datetime":"2024-02-05T06:19:13.339Z","message":"HSM raw data","data":[{"fdtm":1707113952,"ltq":175,"name":"sf","tk":"11536","e":"nse_cm"}],"functionName":"conversion"}
{"level":"debug","datetime":"2024-02-05T06:19:13.342Z","message":"HSM raw data","data":[{"v":761523,"ltt":1707113951,"bq":357,"bs":11,"sp":4004.9,"tbq":86871,"tsq":210159,"to":304406634882,"name":"sf","tk":"11536","e":"nse_cm"}],"functionName":"conversion"}
{"level":"debug","datetime":"2024-02-05T06:19:13.705Z","message":"HSM raw data","data":[{"ltp":4004.85,"fdtm":1707113953,"ltq":1,"cng":38.55,"nc":0.97,"name":"sf","tk":"11536","e":"nse_cm"}],"functionName":"conversion"}
{"level":"debug","datetime":"2024-02-05T06:19:13.896Z","message":"HSM raw data","data":[{"v":761532,"ltt":1707113952,"bq":349,"sp":4004.8,"tbq":86929,"tsq":210689,"to":304410232488,"name":"sf","tk":"11536","e":"nse_cm"}],"functionName":"conversion"}
{"level":"debug","datetime":"2024-02-05T06:19:14.700Z","message":"HSM raw data","data":[{"ltp":4004,"fdtm":1707113954,"cng":37.7,"nc":0.95,"name":"sf","tk":"11536","e":"nse_cm"}],"functionName":"conversion"}
{"level":"debug","datetime":"2024-02-05T06:19:15.096Z","message":"HSM raw data","data":[{"v":761533,"ltt":1707113953,"bq":348,"bs":29,"sp":4004.95,"tbq":86936,"tsq":210048,"to":304410632222,"name":"sf","tk":"11536","e":"nse_cm"}],"functionName":"conversion"}
{"level":"debug","datetime":"2024-02-05T06:19:16.265Z","message":"HSM raw data","data":[{"ltp":4004.9,"v":761534,"ltt":1707113955,"fdtm":1707113955,"bs":4,"sp":4004.9,"tbq":86842,"tsq":210765,"cng":38.6,"nc":0.97,"to":304411031956,"name":"sf","tk":"11536","e":"nse_cm"}],"functionName":"conversion"}
{"level":"debug","datetime":"2024-02-05T06:19:17.161Z","message":"HSM raw data","data":[{"ltp":4004,"fdtm":1707113956,"ltq":13,"cng":37.7,"nc":0.95,"name":"sf","tk":"11536","e":"nse_cm"}],"functionName":"conversion"}
{"level":"debug","datetime":"2024-02-05T06:19:17.164Z","message":"HSM raw data","data":[{"v":761547,"bq":336,"tbq":86874,"tsq":210740,"to":304416228498,"name":"sf","tk":"11536","e":"nse_cm"}],"functionName":"conversion"}
{"level":"debug","datetime":"2024-02-05T06:19:18.104Z","message":"HSM raw data","data":[{"fdtm":1707113957,"tbq":86835,"tsq":210837,"name":"sf","tk":"11536","e":"nse_cm"}],"functionName":"conversion"}
{"level":"debug","datetime":"2024-02-05T06:19:19.401Z","message":"HSM raw data","data":[{"ltp":4004.95,"fdtm":1707113958,"ltq":9,"tbq":87525,"tsq":210888,"cng":38.65,"nc":0.97,"name":"sf","tk":"11536","e":"nse_cm"}],"functionName":"conversion"}
{"level":"debug","datetime":"2024-02-05T06:19:19.896Z","message":"HSM raw data","data":[{"v":761560,"ltt":1707113958,"bs":9,"sp":4004.95,"tbq":87527,"tsq":210864,"to":304421425040,"name":"sf","tk":"11536","e":"nse_cm"}],"functionName":"conversion"}
{"level":"debug","datetime":"2024-02-05T06:19:20.403Z","message":"HSM raw data","data":[{"fdtm":1707113959,"ltq":8,"name":"sf","tk":"11536","e":"nse_cm"}],"functionName":"conversion"}
{"level":"debug","datetime":"2024-02-05T06:19:20.897Z","message":"HSM raw data","data":[{"v":761637,"ltt":1707113959,"bs":492,"sp":4005,"tbq":87524,"tsq":210839,"to":304452204558,"name":"sf","tk":"11536","e":"nse_cm"}],"functionName":"conversion"}
{"level":"debug","datetime":"2024-02-05T06:19:21.604Z","message":"HSM raw data","data":[{"fdtm":1707113961,"tbq":87287,"tsq":210904,"name":"sf","tk":"11536","e":"nse_cm"}],"functionName":"conversion"}
{"level":"debug","datetime":"2024-02-05T06:19:21.701Z","message":"HSM raw data","data":[{"ltp":4004,"ltq":10,"cng":37.7,"nc":0.95,"name":"sf","tk":"11536","e":"nse_cm"}],"functionName":"conversion"}
{"level":"debug","datetime":"2024-02-05T06:19:23.454Z","message":"HSM raw data","data":[{"fdtm":1707113962,"ltq":2,"name":"sf","tk":"11536","e":"nse_cm"}],"functionName":"conversion"}
{"level":"debug","datetime":"2024-02-05T06:19:23.511Z","message":"HSM raw data","data":[{"v":761651,"ltt":1707113961,"bq":322,"tbq":87295,"tsq":210792,"to":304457800834,"name":"sf","tk":"11536","e":"nse_cm"}],"functionName":"conversion"}
{"level":"debug","datetime":"2024-02-05T06:19:23.704Z","message":"HSM raw data","data":[{"ltp":4005,"fdtm":1707113963,"ltq":4,"cng":38.7,"nc":0.98,"name":"sf","tk":"11536","e":"nse_cm"}],"functionName":"conversion"}
{"level":"debug","datetime":"2024-02-05T06:19:24.205Z","message":"HSM raw data","data":[{"v":761663,"ltt":1707113962,"bq":316,"bs":475,"tbq":87284,"tsq":210777,"to":304462597642,"name":"sf","tk":"11536","e":"nse_cm"}],"functionName":"conversion"}
{"level":"debug","datetime":"2024-02-05T06:19:25.203Z","message":"HSM raw data","data":[{"ltp":4004,"v":761696,"ltt":1707113964,"fdtm":1707113964,"bq":283,"ltq":5,"tbq":87228,"tsq":210780,"cng":37.7,"nc":0.95,"to":304475788864,"name":"sf","tk":"11536","e":"nse_cm"}],"functionName":"conversion"}
{"level":"debug","datetime":"2024-02-05T06:19:26.665Z","message":"HSM raw data","data":[{"v":761703,"ltt":1707113965,"fdtm":1707113965,"bq":276,"ltq":2,"tbq":87244,"tsq":210793,"to":304478587002,"name":"sf","tk":"11536","e":"nse_cm"}],"functionName":"conversion"}
{"level":"debug","datetime":"2024-02-05T06:19:26.668Z","message":"HSM raw data","data":[{"fdtm":1707113966,"tsq":210844,"name":"sf","tk":"11536","e":"nse_cm"}],"functionName":"conversion"}
{"level":"debug","datetime":"2024-02-05T06:19:27.609Z","message":"HSM raw data","data":[{"fdtm":1707113967,"bs":1,"sp":4004.95,"tbq":87314,"tsq":210717,"name":"sf","tk":"11536","e":"nse_cm"}],"functionName":"conversion"}
{"level":"debug","datetime":"2024-02-05T06:19:29.571Z","message":"HSM raw data","data":[{"fdtm":1707113968,"tbq":87244,"tsq":210725,"name":"sf","tk":"11536","e":"nse_cm"}],"functionName":"conversion"}
{"level":"debug","datetime":"2024-02-05T06:19:29.582Z","message":"HSM raw data","data":[{"ltq":1,"name":"sf","tk":"11536","e":"nse_cm"}],"functionName":"conversion"}
{"level":"debug","datetime":"2024-02-05T06:19:29.635Z","message":"HSM raw data","data":[{"v":761704,"ltt":1707113968,"fdtm":1707113969,"bq":275,"sp":4004.65,"tbq":87254,"tsq":210803,"to":304478986736,"name":"sf","tk":"11536","e":"nse_cm"}],"functionName":"conversion"}
{"level":"debug","datetime":"2024-02-05T06:19:30.339Z","message":"HSM raw data","data":[{"ltp":4004.65,"cng":38.35,"nc":0.97,"name":"sf","tk":"11536","e":"nse_cm"}],"functionName":"conversion"}
{"level":"debug","datetime":"2024-02-05T06:19:30.816Z","message":"HSM raw data","data":[{"v":761705,"ltt":1707113969,"fdtm":1707113970,"bq":276,"bs":2,"tbq":87259,"tsq":210804,"to":304479386470,"name":"sf","tk":"11536","e":"nse_cm"}],"functionName":"conversion"}
{"level":"debug","datetime":"2024-02-05T06:19:31.714Z","message":"HSM raw data","data":[{"fdtm":1707113971,"name":"sf","tk":"11536","e":"nse_cm"}],"functionName":"conversion"}
{"level":"debug","datetime":"2024-02-05T06:19:31.815Z","message":"HSM raw data","data":[{"v":761707,"ltt":1707113970,"bs":10,"sp":4004.6,"tbq":83375,"tsq":211016,"to":304480185938,"name":"sf","tk":"11536","e":"nse_cm"}],"functionName":"conversion"}
{"level":"debug","datetime":"2024-02-05T06:19:32.716Z","message":"HSM raw data","data":[{"ltp":4004.05,"fdtm":1707113972,"ltq":23,"cng":37.75,"nc":0.95,"name":"sf","tk":"11536","e":"nse_cm"}],"functionName":"conversion"}
{"level":"debug","datetime":"2024-02-05T06:19:33.124Z","message":"HSM raw data","data":[{"v":761730,"ltt":1707113971,"bq":146,"bs":4,"bp":4004.05,"tbq":87365,"tsq":210965,"to":304489379820,"name":"sf","tk":"11536","e":"nse_cm"}],"functionName":"conversion"}
{"level":"debug","datetime":"2024-02-05T06:19:33.918Z","message":"HSM raw data","data":[{"ltp":4004.6,"fdtm":1707113973,"ltq":1,"cng":38.3,"nc":0.97,"name":"sf","tk":"11536","e":"nse_cm"}],"functionName":"conversion"}
{"level":"debug","datetime":"2024-02-05T06:19:34.020Z","message":"HSM raw data","data":[{"v":761731,"ltt":1707113973,"bq":181,"bs":3,"tbq":87301,"tsq":210939,"to":304489779554,"name":"sf","tk":"11536","e":"nse_cm"}],"functionName":"conversion"}
{"level":"debug","datetime":"2024-02-05T06:19:34.718Z","message":"HSM raw data","data":[{"ltp":4004.65,"fdtm":1707113974,"ltq":6,"cng":38.35,"nc":0.97,"name":"sf","tk":"11536","e":"nse_cm"}],"functionName":"conversion"}
{"level":"debug","datetime":"2024-02-05T06:19:35.027Z","message":"HSM raw data","data":[{"v":761740,"bq":183,"bs":2,"sp":4004.65,"tbq":87397,"tsq":210404,"to":304493377160,"name":"sf","tk":"11536","e":"nse_cm"}],"functionName":"conversion"}
{"level":"debug","datetime":"2024-02-05T06:19:36.323Z","message":"HSM raw data","data":[{"fdtm":1707113975,"bq":189,"tbq":87519,"tsq":210874,"name":"sf","tk":"11536","e":"nse_cm"}],"functionName":"conversion"}
{"level":"debug","datetime":"2024-02-05T06:19:36.715Z","message":"HSM raw data","data":[{"ltp":4004.05,"fdtm":1707113976,"cng":37.75,"nc":0.95,"name":"sf","tk":"11536","e":"nse_cm"}],"functionName":"conversion"}
{"level":"debug","datetime":"2024-02-05T06:19:37.222Z","message":"HSM raw data","data":[{"v":761753,"ltt":1707113976,"bq":176,"ltq":1,"tbq":87502,"tsq":210826,"to":304498573702,"name":"sf","tk":"11536","e":"nse_cm"}],"functionName":"conversion"}
{"level":"debug","datetime":"2024-02-05T06:19:40.072Z","message":"HSM raw data","data":[{"fdtm":1707113977,"name":"sf","tk":"11536","e":"nse_cm"}],"functionName":"conversion"}
{"level":"debug","datetime":"2024-02-05T06:19:40.075Z","message":"HSM raw data","data":[{"tbq":87530,"tsq":210909,"name":"sf","tk":"11536","e":"nse_cm"}],"functionName":"conversion"}
{"level":"debug","datetime":"2024-02-05T06:19:40.181Z","message":"HSM raw data","data":[{"fdtm":1707113978,"ltq":4,"name":"sf","tk":"11536","e":"nse_cm"}],"functionName":"conversion"}
{"level":"debug","datetime":"2024-02-05T06:19:40.185Z","message":"HSM raw data","data":[{"v":761757,"ltt":1707113978,"bq":172,"tbq":87526,"to":304500172638,"name":"sf","tk":"11536","e":"nse_cm"}],"functionName":"conversion"}
{"level":"debug","datetime":"2024-02-05T06:19:40.190Z","message":"HSM raw data","data":[{"fdtm":1707113979,"ltq":50,"name":"sf","tk":"11536","e":"nse_cm"}],"functionName":"conversion"}
{"level":"debug","datetime":"2024-02-05T06:19:40.193Z","message":"HSM raw data","data":[{"v":761807,"bq":122,"tbq":87455,"tsq":210866,"to":304520159338,"name":"sf","tk":"11536","e":"nse_cm"}],"functionName":"conversion"}
{"level":"debug","datetime":"2024-02-05T06:19:41.384Z","message":"HSM raw data","data":[{"fdtm":1707113980,"ltq":33,"name":"sf","tk":"11536","e":"nse_cm"}],"functionName":"conversion"}
{"level":"debug","datetime":"2024-02-05T06:19:41.388Z","message":"HSM raw data","data":[{"v":761840,"ltt":1707113979,"bq":89,"tbq":87429,"tsq":210929,"to":304533350560,"name":"sf","tk":"11536","e":"nse_cm"}],"functionName":"conversion"}
{"level":"debug","datetime":"2024-02-05T06:19:42.017Z","message":"HSM raw data","data":[{"ltp":4004.65,"fdtm":1707113981,"ltq":1,"cng":38.35,"nc":0.97,"name":"sf","tk":"11536","e":"nse_cm"}],"functionName":"conversion"}
{"level":"debug","datetime":"2024-02-05T06:19:42.021Z","message":"HSM raw data","data":[{"v":761841,"ltt":1707113980,"bs":1,"tbq":87434,"tsq":210913,"to":304533750294,"name":"sf","tk":"11536","e":"nse_cm"}],"functionName":"conversion"}
{"level":"debug","datetime":"2024-02-05T06:19:42.723Z","message":"HSM raw data","data":[{"ltp":4004.05,"fdtm":1707113982,"ltq":3,"cng":37.75,"nc":0.95,"name":"sf","tk":"11536","e":"nse_cm"}],"functionName":"conversion"}
{"level":"debug","datetime":"2024-02-05T06:19:42.822Z","message":"HSM raw data","data":[{"v":761844,"ltt":1707113981,"bq":86,"tbq":87431,"tsq":210903,"to":304534949496,"name":"sf","tk":"11536","e":"nse_cm"}],"functionName":"conversion"}
{"level":"debug","datetime":"2024-02-05T06:19:43.817Z","message":"HSM raw data","data":[{"fdtm":1707113983,"bq":87,"tbq":87432,"tsq":210927,"name":"sf","tk":"11536","e":"nse_cm"}],"functionName":"conversion"}
{"level":"debug","datetime":"2024-02-05T06:19:44.878Z","message":"HSM raw data","data":[{"fdtm":1707113984,"ltq":40,"name":"sf","tk":"11536","e":"nse_cm"}],"functionName":"conversion"}
{"level":"debug","datetime":"2024-02-05T06:19:44.882Z","message":"HSM raw data","data":[{"v":761884,"ltt":1707113983,"bq":47,"tbq":87389,"tsq":210866,"to":304550938856,"name":"sf","tk":"11536","e":"nse_cm"}],"functionName":"conversion"}
{"level":"debug","datetime":"2024-02-05T06:19:50.401Z","message":"HSM raw data","data":[{"stat":"Ok","type":"cn","msg":"successful","stCode":200}],"functionName":"conversion"}
{"level":"debug","datetime":"2024-02-05T06:19:50.825Z","message":"HSM raw data","data":[{"stat":"Ok","type":"sub","msg":"successful","stCode":200}],"functionName":"conversion"}
{"level":"debug","datetime":"2024-02-05T06:19:50.826Z","message":"HSM raw data","data":[{"stat":"Ok","type":"cp","msg":"successful","stCode":200}],"functionName":"conversion"}
{"level":"debug","datetime":"2024-02-05T06:19:50.827Z","message":"HSM raw data","data":[{"stat":"Ok","type":"cr","msg":"successful","stCode":200}],"functionName":"conversion"}
{"level":"debug","datetime":"2024-02-05T06:19:50.927Z","message":"HSM raw data","data":[{"ltp":4004.65,"v":761977,"ltt":1707113989,"fdtm":1707113989,"bq":88,"bs":1,"bp":4004.1,"sp":4004.65,"ltq":1,"tbq":87153,"tsq":210818,"ap":3997.34,"lo":3977.1,"h":4015.25,"yh":4015.25,"yl":3070.25,"lcl":3569.7,"ucl":4362.9,"op":3983,"c":3966.3,"cng":38.35,"nc":0.97,"to":304588114118,"ts":"TCS-EQ","name":"sf","tk":"11536","e":"nse_cm"}],"functionName":"conversion"}
{"level":"debug","datetime":"2024-02-05T06:19:51.216Z","message":"HSM raw data","data":[{"fdtm":1707113990,"tbq":87158,"name":"sf","tk":"11536","e":"nse_cm"}],"functionName":"conversion"}
{"level":"debug","datetime":"2024-02-05T06:19:52.216Z","message":"HSM raw data","data":[{"fdtm":1707113991,"tbq":86928,"tsq":210881,"name":"sf","tk":"11536","e":"nse_cm"}],"functionName":"conversion"}
{"level":"debug","datetime":"2024-02-05T06:19:53.695Z","message":"HSM raw data","data":[{"v":761978,"ltt":1707113992,"fdtm":1707113992,"bs":2,"tbq":86839,"tsq":210883,"to":304588513852,"name":"sf","tk":"11536","e":"nse_cm"}],"functionName":"conversion"}
{"level":"debug","datetime":"2024-02-05T06:19:53.726Z","message":"HSM raw data","data":[{"ltp":4004.85,"fdtm":1707113993,"ltq":6,"cng":38.55,"nc":0.97,"name":"sf","tk":"11536","e":"nse_cm"}],"functionName":"conversion"}
{"level":"debug","datetime":"2024-02-05T06:19:54.028Z","message":"HSM raw data","data":[{"v":761988,"ltt":1707113993,"tsq":210633,"to":304592511192,"name":"sf","tk":"11536","e":"nse_cm"}],"functionName":"conversion"}
{"level":"debug","datetime":"2024-02-05T06:19:55.179Z","message":"HSM raw data","data":[{"fdtm":1707113994,"bq":15,"bp":4004.15,"tbq":86854,"tsq":210696,"name":"sf","tk":"11536","e":"nse_cm"}],"functionName":"conversion"}
{"level":"debug","datetime":"2024-02-05T06:19:55.184Z","message":"HSM raw data","data":[{"ltp":4004.15,"ltq":15,"cng":37.85,"nc":0.95,"name":"sf","tk":"11536","e":"nse_cm"}],"functionName":"conversion"}
{"level":"debug","datetime":"2024-02-05T06:19:55.902Z","message":"HSM raw data","data":[{"fdtm":1707113995,"ltq":2,"name":"sf","tk":"11536","e":"nse_cm"}],"functionName":"conversion"}
{"level":"debug","datetime":"2024-02-05T06:19:56.217Z","message":"HSM raw data","data":[{"v":762012,"ltt":1707113995,"bq":73,"bs":14,"bp":4004.1,"sp":4004.15,"ltq":1,"tbq":86824,"tsq":210460,"to":304602104808,"name":"sf","tk":"11536","e":"nse_cm"}],"functionName":"conversion"}
{"level":"debug","datetime":"2024-02-05T06:19:56.615Z","message":"HSM raw data","data":[{"fdtm":1707113996,"name":"sf","tk":"11536","e":"nse_cm"}],"functionName":"conversion"}
{"level":"debug","datetime":"2024-02-05T06:19:57.217Z","message":"HSM raw data","data":[{"bq":87,"bs":16,"tbq":86749,"tsq":210440,"name":"sf","tk":"11536","e":"nse_cm"}],"functionName":"conversion"}
{"level":"debug","datetime":"2024-02-05T06:19:58.118Z","message":"HSM raw data","data":[{"fdtm":1707113997,"ltq":4,"name":"sf","tk":"11536","e":"nse_cm"}],"functionName":"conversion"}
{"level":"debug","datetime":"2024-02-05T06:19:58.218Z","message":"HSM raw data","data":[{"v":762030,"ltt":1707113997,"bq":75,"bs":2,"tbq":86733,"tsq":210254,"to":304609300020,"name":"sf","tk":"11536","e":"nse_cm"}],"functionName":"conversion"}
{"level":"debug","datetime":"2024-02-05T06:19:58.728Z","message":"HSM raw data","data":[{"fdtm":1707113998,"ltq":12,"name":"sf","tk":"11536","e":"nse_cm"}],"functionName":"conversion"}
{"level":"debug","datetime":"2024-02-05T06:19:59.217Z","message":"HSM raw data","data":[{"v":762112,"ltt":1707113998,"bq":47,"bs":15,"bp":4004.15,"sp":4004.85,"ltq":1,"tbq":86764,"tsq":210287,"ap":3997.35,"to":304642840320,"name":"sf","tk":"11536","e":"nse_cm"}],"functionName":"conversion"}
{"level":"debug","datetime":"2024-02-05T06:19:59.918Z","message":"HSM raw data","data":[{"fdtm":1707113999,"name":"sf","tk":"11536","e":"nse_cm"}],"functionName":"conversion"}
{"level":"debug","datetime":"2024-02-05T06:20:00.221Z","message":"HSM raw data","data":[{"v":762116,"ltt":1707113999,"bq":164,"ltq":4,"tbq":86847,"tsq":210312,"to":304644439260,"name":"sf","tk":"11536","e":"nse_cm"}],"functionName":"conversion"}
{"level":"debug","datetime":"2024-02-05T06:20:00.622Z","message":"HSM raw data","data":[{"fdtm":1707114000,"name":"sf","tk":"11536","e":"nse_cm"}],"functionName":"conversion"}
{"level":"debug","datetime":"2024-02-05T06:20:01.225Z","message":"HSM raw data","data":[{"ltp":4004.95,"v":762151,"ltt":1707114000,"bq":172,"bs":7,"sp":4004.95,"ltq":6,"tbq":86865,"tsq":210300,"cng":38.65,"nc":0.97,"to":304658429985,"name":"sf","tk":"11536","e":"nse_cm"}],"functionName":"conversion"}
{"level":"debug","datetime":"2024-02-05T06:20:01.621Z","message":"HSM raw data","data":[{"ltp":4005,"fdtm":1707114001,"ltq":3,"cng":38.7,"nc":0.98,"name":"sf","tk":"11536","e":"nse_cm"}],"functionName":"conversion"}
{"level":"debug","datetime":"2024-02-05T06:20:02.229Z","message":"HSM raw data","data":[{"v":762167,"bq":129,"bs":466,"sp":4005,"tbq":86816,"tsq":210158,"to":304664825745,"name":"sf","tk":"11536","e":"nse_cm"}],"functionName":"conversion"}
{"level":"debug","datetime":"2024-02-05T06:20:02.628Z","message":"HSM raw data","data":[{"fdtm":1707114002,"ltq":18,"name":"sf","tk":"11536","e":"nse_cm"}],"functionName":"conversion"}
{"level":"debug","datetime":"2024-02-05T06:20:03.222Z","message":"HSM raw data","data":[{"ltp":4004.15,"v":762218,"ltt":1707114002,"bq":121,"bs":400,"ltq":7,"tbq":84102,"tsq":210135,"cng":37.85,"nc":0.95,"to":304685212230,"name":"sf","tk":"11536","e":"nse_cm"}],"functionName":"conversion"}
{"level":"debug","datetime":"2024-02-05T06:20:04.368Z","message":"HSM raw data","data":[{"fdtm":1707114003,"name":"sf","tk":"11536","e":"nse_cm"}],"functionName":"conversion"}
{"level":"debug","datetime":"2024-02-05T06:20:04.371Z","message":"HSM raw data","data":[{"bs":81,"sp":4004.95,"tbq":86790,"tsq":209543,"name":"sf","tk":"11536","e":"nse_cm"}],"functionName":"conversion"}
{"level":"debug","datetime":"2024-02-05T06:20:05.027Z","message":"HSM raw data","data":[{"fdtm":1707114004,"bs":68,"tbq":86822,"tsq":210055,"name":"sf","tk":"11536","e":"nse_cm"}],"functionName":"conversion"}
{"level":"debug","datetime":"2024-02-05T06:20:06.481Z","message":"HSM raw data","data":[{"ltp":4004.95,"ltq":1,"cng":38.65,"nc":0.97,"name":"sf","tk":"11536","e":"nse_cm"}],"functionName":"conversion"}
{"level":"debug","datetime":"2024-02-05T06:20:06.477Z","message":"HSM raw data","data":[{"fdtm":1707114005,"bs":61,"tbq":86834,"tsq":210087,"name":"sf","tk":"11536","e":"nse_cm"}],"functionName":"conversion"}
{"level":"debug","datetime":"2024-02-05T06:20:07.928Z","message":"HSM raw data","data":[{"ltp":4004.15,"fdtm":1707114007,"ltq":7,"cng":37.85,"nc":0.95,"name":"sf","tk":"11536","e":"nse_cm"}],"functionName":"conversion"}
{"level":"debug","datetime":"2024-02-05T06:20:10.132Z","message":"HSM raw data","data":[{"fdtm":1707114009,"ltq":33,"name":"sf","tk":"11536","e":"nse_cm"}],"functionName":"conversion"}
{"level":"debug","datetime":"2024-02-05T06:20:10.634Z","message":"HSM raw data","data":[{"fdtm":1707114010,"ltq":10,"name":"sf","tk":"11536","e":"nse_cm"}],"functionName":"conversion"}
{"level":"debug","datetime":"2024-02-05T06:20:11.435Z","message":"HSM raw data","data":[{"v":762272,"ltt":1707114010,"bq":68,"bs":405,"sp":4005,"ltq":3,"tbq":86757,"tsq":210187,"to":304706797920,"name":"sf","tk":"11536","e":"nse_cm"}],"functionName":"conversion"}
{"level":"debug","datetime":"2024-02-05T06:20:11.928Z","message":"HSM raw data","data":[{"fdtm":1707114011,"name":"sf","tk":"11536","e":"nse_cm"}],"functionName":"conversion"}
{"level":"debug","datetime":"2024-02-05T06:20:12.633Z","message":"HSM raw data","data":[{"fdtm":1707114012,"ltq":1,"name":"sf","tk":"11536","e":"nse_cm"}],"functionName":"conversion"}
{"level":"debug","datetime":"2024-02-05T06:20:15.024Z","message":"HSM raw data","data":[{"fdtm":1707114013,"ltq":4,"name":"sf","tk":"11536","e":"nse_cm"}],"functionName":"conversion"}
{"level":"debug","datetime":"2024-02-05T06:20:15.940Z","message":"HSM raw data","data":[{"ltp":4005,"fdtm":1707114015,"ltq":5,"cng":38.7,"nc":0.98,"name":"sf","tk":"11536","e":"nse_cm"}],"functionName":"conversion"}
{"level":"debug","datetime":"2024-02-05T06:20:17.138Z","message":"HSM raw data","data":[{"fdtm":1707114016,"ltq":9,"name":"sf","tk":"11536","e":"nse_cm"}],"functionName":"conversion"}
{"level":"debug","datetime":"2024-02-05T06:20:17.237Z","message":"HSM raw data","data":[{"v":762367,"ltt":1707114016,"bq":65,"bs":393,"tbq":86785,"tsq":210227,"to":304744772745,"name":"sf","tk":"11536","e":"nse_cm"}],"functionName":"conversion"}
{"level":"debug","datetime":"2024-02-05T06:20:19.636Z","message":"HSM raw data","data":[{"ltp":4004.15,"fdtm":1707114019,"ltq":1,"cng":37.85,"nc":0.95,"name":"sf","tk":"11536","e":"nse_cm"}],"functionName":"conversion"}
{"level":"debug","datetime":"2024-02-05T06:20:20.942Z","message":"HSM raw data","data":[{"fdtm":1707114020,"ltq":16,"name":"sf","tk":"11536","e":"nse_cm"}],"functionName":"conversion"}
{"level":"debug","datetime":"2024-02-05T06:20:23.294Z","message":"HSM raw data","data":[{"v":762389,"ltt":1707114020,"fdtm":1707114022,"bq":44,"bs":13,"sp":4004.95,"tbq":86749,"tsq":210174,"to":304753566915,"name":"sf","tk":"11536","e":"nse_cm"}],"functionName":"conversion"}
{"level":"debug","datetime":"2024-02-05T06:20:23.947Z","message":"HSM raw data","data":[{"ltp":4004.95,"fdtm":1707114023,"ltq":10,"cng":38.65,"nc":0.97,"name":"sf","tk":"11536","e":"nse_cm"}],"functionName":"conversion"}
{"level":"debug","datetime":"2024-02-05T06:20:25.147Z","message":"HSM raw data","data":[{"ltp":4004.15,"fdtm":1707114024,"ltq":34,"cng":37.85,"nc":0.95,"name":"sf","tk":"11536","e":"nse_cm"}],"functionName":"conversion"}
{"level":"debug","datetime":"2024-02-05T06:20:28.648Z","message":"HSM raw data","data":[{"v":762443,"ltt":1707114027,"fdtm":1707114028,"bq":58,"bs":4,"ltq":1,"tbq":86453,"tsq":210221,"to":304775152605,"name":"sf","tk":"11536","e":"nse_cm"}],"functionName":"conversion"}
{"level":"debug","datetime":"2024-02-05T06:20:34.448Z","message":"HSM raw data","data":[{"fdtm":1707114029,"name":"sf","tk":"11536","e":"nse_cm"}],"functionName":"conversion"}
{"level":"debug","datetime":"2024-02-05T06:20:34.541Z","message":"HSM raw data","data":[{"fdtm":1707114030,"name":"sf","tk":"11536","e":"nse_cm"}],"functionName":"conversion"}
{"level":"debug","datetime":"2024-02-05T06:20:34.547Z","message":"HSM raw data","data":[{"ltp":4004.95,"fdtm":1707114032,"ltq":1,"cng":38.65,"nc":0.97,"name":"sf","tk":"11536","e":"nse_cm"}],"functionName":"conversion"}
{"level":"debug","datetime":"2024-02-05T06:20:34.551Z","message":"HSM raw data","data":[{"v":762459,"ltt":1707114033,"bq":102,"bs":17,"tbq":84587,"tsq":208842,"to":304781548365,"name":"sf","tk":"11536","e":"nse_cm"}],"functionName":"conversion"}
{"level":"debug","datetime":"2024-02-05T06:20:34.544Z","message":"HSM raw data","data":[{"fdtm":1707114031,"ltq":2,"name":"sf","tk":"11536","e":"nse_cm"}],"functionName":"conversion"}
{"level":"debug","datetime":"2024-02-05T06:20:34.549Z","message":"HSM raw data","data":[{"ltp":4004.15,"fdtm":1707114033,"ltq":7,"cng":37.85,"nc":0.95,"name":"sf","tk":"11536","e":"nse_cm"}],"functionName":"conversion"}
{"level":"debug","datetime":"2024-02-05T06:20:35.648Z","message":"HSM raw data","data":[{"fdtm":1707114035,"ltq":10,"name":"sf","tk":"11536","e":"nse_cm"}],"functionName":"conversion"}
{"level":"debug","datetime":"2024-02-05T06:20:36.651Z","message":"HSM raw data","data":[{"fdtm":1707114036,"ltq":17,"name":"sf","tk":"11536","e":"nse_cm"}],"functionName":"conversion"}
{"level":"debug","datetime":"2024-02-05T06:20:37.659Z","message":"HSM raw data","data":[{"ltp":4005,"fdtm":1707114037,"ltq":20,"cng":38.7,"nc":0.98,"name":"sf","tk":"11536","e":"nse_cm"}],"functionName":"conversion"}
{"level":"debug","datetime":"2024-02-05T06:20:39.154Z","message":"HSM raw data","data":[{"ltp":4004.15,"fdtm":1707114038,"ltq":3,"cng":37.85,"nc":0.95,"name":"sf","tk":"11536","e":"nse_cm"}],"functionName":"conversion"}
{"level":"debug","datetime":"2024-02-05T06:20:39.652Z","message":"HSM raw data","data":[{"fdtm":1707114039,"ltq":2,"name":"sf","tk":"11536","e":"nse_cm"}],"functionName":"conversion"}
{"level":"debug","datetime":"2024-02-05T06:20:40.059Z","message":"HSM raw data","data":[{"ltp":4005,"v":762623,"ltt":1707114039,"bq":42,"bs":441,"sp":4005,"ltq":37,"tbq":84493,"tsq":208493,"cng":38.7,"nc":0.98,"to":304847104905,"name":"sf","tk":"11536","e":"nse_cm"}],"functionName":"conversion"}
{"level":"debug","datetime":"2024-02-05T06:20:40.654Z","message":"HSM raw data","data":[{"fdtm":1707114040,"name":"sf","tk":"11536","e":"nse_cm"}],"functionName":"conversion"}
{"level":"debug","datetime":"2024-02-05T06:20:42.157Z","message":"HSM raw data","data":[{"ltp":4004.15,"fdtm":1707114041,"ltq":24,"cng":37.85,"nc":0.95,"name":"sf","tk":"11536","e":"nse_cm"}],"functionName":"conversion"}
{"level":"debug","datetime":"2024-02-05T06:20:43.659Z","message":"HSM raw data","data":[{"fdtm":1707114043,"ltq":3,"name":"sf","tk":"11536","e":"nse_cm"}],"functionName":"conversion"}
{"level":"debug","datetime":"2024-02-05T06:20:44.655Z","message":"HSM raw data","data":[{"fdtm":1707114044,"ltq":1,"name":"sf","tk":"11536","e":"nse_cm"}],"functionName":"conversion"}
{"level":"debug","datetime":"2024-02-05T06:20:45.456Z","message":"HSM raw data","data":[{"v":762666,"ltt":1707114043,"bq":8,"bs":443,"tbq":84531,"tsq":208115,"to":304864293510,"name":"sf","tk":"11536","e":"nse_cm"}],"functionName":"conversion"}
{"level":"debug","datetime":"2024-02-05T06:20:51.742Z","message":"HSM raw data","data":[{"ltp":4005,"fdtm":1707114046,"cng":38.7,"nc":0.98,"name":"sf","tk":"11536","e":"nse_cm"}],"functionName":"conversion"}
{"level":"debug","datetime":"2024-02-05T06:20:51.837Z","message":"HSM raw data","data":[{"ltp":4004.15,"fdtm":1707114047,"ltq":21,"cng":37.85,"nc":0.95,"name":"sf","tk":"11536","e":"nse_cm"}],"functionName":"conversion"}
{"level":"debug","datetime":"2024-02-05T06:20:51.848Z","message":"HSM raw data","data":[{"ltp":4004.15,"fdtm":1707114050,"ltq":8,"cng":37.85,"nc":0.95,"name":"sf","tk":"11536","e":"nse_cm"}],"functionName":"conversion"}
{"level":"debug","datetime":"2024-02-05T06:20:51.840Z","message":"HSM raw data","data":[{"ltp":4005,"fdtm":1707114048,"ltq":1,"cng":38.7,"nc":0.98,"name":"sf","tk":"11536","e":"nse_cm"}],"functionName":"conversion"}
{"level":"debug","datetime":"2024-02-05T06:20:51.852Z","message":"HSM raw data","data":[{"v":762744,"ltt":1707114049,"bq":122,"bs":15,"sp":4004.95,"tbq":84511,"tsq":207867,"to":304895472840,"name":"sf","tk":"11536","e":"nse_cm"}],"functionName":"conversion"}
{"level":"debug","datetime":"2024-02-05T06:20:51.844Z","message":"HSM raw data","data":[{"fdtm":1707114049,"name":"sf","tk":"11536","e":"nse_cm"}],"functionName":"conversion"}
{"level":"debug","datetime":"2024-02-05T06:20:51.856Z","message":"HSM raw data","data":[{"fdtm":1707114051,"ltq":10,"name":"sf","tk":"11536","e":"nse_cm"}],"functionName":"conversion"}
{"level":"debug","datetime":"2024-02-05T06:20:52.690Z","message":"HSM raw data","data":[{"ltp":4005,"fdtm":1707114052,"ltq":1,"cng":38.7,"nc":0.98,"name":"sf","tk":"11536","e":"nse_cm"}],"functionName":"conversion"}
{"level":"debug","datetime":"2024-02-05T06:20:54.883Z","message":"HSM raw data","data":[{"ltp":4004.15,"fdtm":1707114054,"ltq":11,"cng":37.85,"nc":0.95,"name":"sf","tk":"11536","e":"nse_cm"}],"functionName":"conversion"}
{"level":"debug","datetime":"2024-02-05T06:20:55.973Z","message":"HSM raw data","data":[{"fdtm":1707114055,"ltq":10,"name":"sf","tk":"11536","e":"nse_cm"}],"functionName":"conversion"}
{"level":"debug","datetime":"2024-02-05T06:20:57.178Z","message":"HSM raw data","data":[{"v":762799,"ltt":1707114054,"bs":16,"tbq":84428,"tsq":208043,"to":304917458265,"name":"sf","tk":"11536","e":"nse_cm"}],"functionName":"conversion"}
{"level":"debug","datetime":"2024-02-05T06:20:57.285Z","message":"HSM raw data","data":[{"fdtm":1707114056,"ltq":1,"name":"sf","tk":"11536","e":"nse_cm"}],"functionName":"conversion"}
{"level":"debug","datetime":"2024-02-05T06:20:58.907Z","message":"HSM raw data","data":[{"ltp":4005,"fdtm":1707114057,"ltq":49,"cng":38.7,"nc":0.98,"name":"sf","tk":"11536","e":"nse_cm"}],"functionName":"conversion"}
{"level":"debug","datetime":"2024-02-05T06:20:59.016Z","message":"HSM raw data","data":[{"ltp":4004.2,"fdtm":1707114058,"ltq":18,"cng":37.9,"nc":0.96,"name":"sf","tk":"11536","e":"nse_cm"}],"functionName":"conversion"}
{"level":"debug","datetime":"2024-02-05T06:20:59.891Z","message":"HSM raw data","data":[{"fdtm":1707114059,"ltq":36,"name":"sf","tk":"11536","e":"nse_cm"}],"functionName":"conversion"}
{"level":"debug","datetime":"2024-02-05T06:21:01.500Z","message":"HSM raw data","data":[{"ltp":4005,"v":762906,"ltt":1707114060,"fdtm":1707114060,"bq":48,"bs":398,"bp":4004.2,"sp":4005,"ltq":1,"tbq":84640,"tsq":208050,"cng":38.7,"nc":0.98,"to":304960229910,"name":"sf","tk":"11536","e":"nse_cm"}],"functionName":"conversion"}
{"level":"debug","datetime":"2024-02-05T06:21:01.893Z","message":"HSM raw data","data":[{"ltp":4004.15,"fdtm":1707114061,"ltq":9,"cng":37.85,"nc":0.95,"name":"sf","tk":"11536","e":"nse_cm"}],"functionName":"conversion"}
{"level":"debug","datetime":"2024-02-05T06:21:02.998Z","message":"HSM raw data","data":[{"ltp":4004.2,"fdtm":1707114062,"ltq":1,"cng":37.9,"nc":0.96,"name":"sf","tk":"11536","e":"nse_cm"}],"functionName":"conversion"}
{"level":"debug","datetime":"2024-02-05T06:21:03.695Z","message":"HSM raw data","data":[{"ltp":4005,"fdtm":1707114063,"ltq":11,"cng":38.7,"nc":0.98,"name":"sf","tk":"11536","e":"nse_cm"}],"functionName":"conversion"}
{"level":"debug","datetime":"2024-02-05T06:21:04.695Z","message":"HSM raw data","data":[{"ltp":4004.2,"fdtm":1707114064,"ltq":3,"cng":37.9,"nc":0.96,"name":"sf","tk":"11536","e":"nse_cm"}],"functionName":"conversion"}
{"level":"debug","datetime":"2024-02-05T06:21:05.695Z","message":"HSM raw data","data":[{"fdtm":1707114065,"ltq":8,"name":"sf","tk":"11536","e":"nse_cm"}],"functionName":"conversion"}
{"level":"debug","datetime":"2024-02-05T06:21:07.195Z","message":"HSM raw data","data":[{"v":762998,"ltt":1707114064,"fdtm":1707114066,"bq":36,"bs":335,"tbq":84255,"tsq":208000,"to":304997005530,"name":"sf","tk":"11536","e":"nse_cm"}],"functionName":"conversion"}
{"level":"debug","datetime":"2024-02-05T06:21:07.200Z","message":"HSM raw data","data":[{"ltq":16,"name":"sf","tk":"11536","e":"nse_cm"}],"functionName":"conversion"}
{"level":"debug","datetime":"2024-02-05T06:22:06.226Z","message":"HSM raw data","data":[{"stat":"Ok","type":"cn","msg":"successful","stCode":200}],"functionName":"conversion"}
{"level":"debug","datetime":"2024-02-05T06:22:06.230Z","message":"HSM raw data","data":[{"stat":"Ok","type":"sub","msg":"successful","stCode":200}],"functionName":"conversion"}
{"level":"debug","datetime":"2024-02-05T06:22:06.233Z","message":"HSM raw data","data":[{"ltp":4003.95,"v":764242,"ltt":1707114120,"fdtm":1707114123,"bq":5,"bs":99,"bp":4002.75,"sp":4003,"ltq":1,"tbq":77230,"tsq":200606,"ap":3997.36,"lo":3977.1,"h":4015.25,"yh":4015.25,"yl":3070.25,"lcl":3569.7,"ucl":4362.9,"op":3983,"c":3966.3,"cng":37.65,"nc":0.95,"to":305495040112,"ts":"TCS-EQ","name":"sf","tk":"11536","e":"nse_cm"}],"functionName":"conversion"}
{"level":"debug","datetime":"2024-02-05T06:22:06.230Z","message":"HSM raw data","data":[{"stat":"Ok","type":"cp","msg":"successful","stCode":200}],"functionName":"conversion"}
{"level":"debug","datetime":"2024-02-05T06:22:06.231Z","message":"HSM raw data","data":[{"stat":"Ok","type":"cr","msg":"successful","stCode":200}],"functionName":"conversion"}
{"level":"debug","datetime":"2024-02-05T06:22:06.591Z","message":"HSM raw data","data":[{"ltp":4003.25,"fdtm":1707114125,"cng":36.95,"nc":0.93,"name":"sf","tk":"11536","e":"nse_cm"}],"functionName":"conversion"}
{"level":"debug","datetime":"2024-02-05T06:22:06.736Z","message":"HSM raw data","data":[{"ltp":4003.95,"fdtm":1707114126,"ltq":28,"cng":37.65,"nc":0.95,"name":"sf","tk":"11536","e":"nse_cm"}],"functionName":"conversion"}
{"level":"debug","datetime":"2024-02-05T06:22:07.242Z","message":"HSM raw data","data":[{"v":764460,"ltt":1707114126,"bq":28,"bs":5,"bp":4003.95,"sp":4004,"tbq":77134,"tsq":200746,"ap":3997.37,"to":305582947020,"name":"sf","tk":"11536","e":"nse_cm"}],"functionName":"conversion"}
{"level":"debug","datetime":"2024-02-05T06:22:08.513Z","message":"HSM raw data","data":[{"fdtm":1707114127,"ltq":1,"name":"sf","tk":"11536","e":"nse_cm"}],"functionName":"conversion"}
{"level":"debug","datetime":"2024-02-05T06:22:08.742Z","message":"HSM raw data","data":[{"fdtm":1707114128,"ltq":5,"name":"sf","tk":"11536","e":"nse_cm"}],"functionName":"conversion"}
{"level":"debug","datetime":"2024-02-05T06:22:09.743Z","message":"HSM raw data","data":[{"ltp":4004,"fdtm":1707114129,"cng":37.7,"nc":0.95,"name":"sf","tk":"11536","e":"nse_cm"}],"functionName":"conversion"}
{"level":"debug","datetime":"2024-02-05T06:22:11.855Z","message":"HSM raw data","data":[{"ltp":4003.95,"fdtm":1707114130,"ltq":1,"cng":37.65,"nc":0.95,"name":"sf","tk":"11536","e":"nse_cm"}],"functionName":"conversion"}
{"level":"debug","datetime":"2024-02-05T06:22:12.310Z","message":"HSM raw data","data":[{"ltp":4002.75,"fdtm":1707114131,"cng":36.45,"nc":0.92,"name":"sf","tk":"11536","e":"nse_cm"}],"functionName":"conversion"}
{"level":"debug","datetime":"2024-02-05T06:22:12.744Z","message":"HSM raw data","data":[{"ltp":4003.25,"fdtm":1707114132,"cng":36.95,"nc":0.93,"name":"sf","tk":"11536","e":"nse_cm"}],"functionName":"conversion"}
{"level":"debug","datetime":"2024-02-05T06:22:13.243Z","message":"HSM raw data","data":[{"ltp":4003.75,"v":764544,"ltt":1707114132,"bq":1,"bs":27,"bp":4003.25,"sp":4003.75,"ltq":10,"tbq":77081,"tsq":200080,"cng":37.45,"nc":0.94,"to":305616524928,"name":"sf","tk":"11536","e":"nse_cm"}],"functionName":"conversion"}
{"level":"debug","datetime":"2024-02-05T06:22:14.030Z","message":"HSM raw data","data":[{"ltp":4003.25,"fdtm":1707114133,"ltq":2,"cng":36.95,"nc":0.93,"name":"sf","tk":"11536","e":"nse_cm"}],"functionName":"conversion"}
{"level":"debug","datetime":"2024-02-05T06:22:15.728Z","message":"HSM raw data","data":[{"fdtm":1707114134,"name":"sf","tk":"11536","e":"nse_cm"}],"functionName":"conversion"}
{"level":"debug","datetime":"2024-02-05T06:22:16.146Z","message":"HSM raw data","data":[{"ltp":4003.15,"fdtm":1707114135,"ltq":18,"cng":36.85,"nc":0.93,"name":"sf","tk":"11536","e":"nse_cm"}],"functionName":"conversion"}
{"level":"debug","datetime":"2024-02-05T06:22:17.246Z","message":"HSM raw data","data":[{"ltp":4002.15,"fdtm":1707114136,"ltq":3,"cng":35.85,"nc":0.9,"name":"sf","tk":"11536","e":"nse_cm"}],"functionName":"conversion"}
